<?xml version="1.0" encoding="UTF-8"?>
<!-- Generated by org.testng.reporters.JUnitReportReporter -->
<testsuite hostname="DESKTOP-0UCE6RT" failures="0" tests="1" name="writedata.writeinexcel" time="1.143" errors="0" timestamp="8 Jun 2022 09:40:50 GMT">
  <testcase classname="writedata.writeinexcel" name="readataTest" time="1.143"/>
</testsuite> <!-- writedata.writeinexcel -->
