<?xml version="1.0" encoding="UTF-8"?>
<!-- Generated by org.testng.reporters.JUnitReportReporter -->
<testsuite hostname="DESKTOP-0UCE6RT" failures="0" tests="1" name="readdata.readexcel" time="0.480" errors="0" timestamp="18 Jun 2022 18:51:34 GMT">
  <testcase classname="readdata.readexcel" name="readataTest" time="0.480"/>
</testsuite> <!-- readdata.readexcel -->
