<?xml version="1.0" encoding="UTF-8"?>
<!-- Generated by org.testng.reporters.JUnitReportReporter -->
<testsuite hostname="DESKTOP-0UCE6RT" failures="0" tests="1" name="readdata.workbookread" time="0.478" errors="0" timestamp="18 Jun 2022 19:09:22 GMT">
  <testcase classname="readdata.workbookread" name="readataTest" time="0.478"/>
</testsuite> <!-- readdata.workbookread -->
