<?xml version="1.0" encoding="UTF-8"?>
<!-- Generated by org.testng.reporters.JUnitReportReporter -->
<testsuite hostname="DESKTOP-0UCE6RT" failures="0" tests="1" name="test.automation" time="9.783" errors="0" timestamp="24 May 2022 10:43:54 GMT">
  <testcase classname="test.automation" name="test" time="9.783"/>
</testsuite> <!-- test.automation -->
