<?xml version="1.0" encoding="UTF-8"?>
<!-- Generated by org.testng.reporters.JUnitReportReporter -->
<testsuite hostname="DESKTOP-0UCE6RT" failures="0" tests="1" name="com.test.sum" time="0.013" errors="0" timestamp="2022-06-08T15:06:52 IST" skipped="0">
  <testcase classname="com.test.sum" name="add" time="0.013"/>
  <system-out/>
</testsuite> <!-- com.test.sum -->
