<?xml version="1.0" encoding="UTF-8"?>
<!-- Generated by org.testng.reporters.JUnitReportReporter -->
<testsuite hostname="DESKTOP-0UCE6RT" failures="0" tests="1" name="kitty.kitty.automateme" time="9.810" errors="0" timestamp="27 Jun 2022 10:04:07 GMT">
  <testcase classname="kitty.kitty.automateme" name="test" time="9.810"/>
</testsuite> <!-- kitty.kitty.automateme -->
